Тренироваться будем на демо базе полетов  
https://postgrespro.ru/education/demodb  
  
  
  
Сначала сделаем анализ запроса без индекса  
demo=# `explain select flight_no, departure_airport from flights;`  
```  
                           QUERY PLAN  
----------------------------------------------------------------  
 Seq Scan on flights  (cost=0.00..4772.67 rows=214867 width=11)  
(1 row)  
```  
  
создадим индекс  
demo=# `create index on flights(flight_no,departure_airport);`  
  
demo=# `explain select flight_no, departure_airport from flights;`  
```  
                                                     QUERY PLAN  
---------------------------------------------------------------------------------------------------------------------  
 Index Only Scan using flights_flight_no_departure_airport_idx on flights  (cost=0.42..3433.53 rows=214867 width=11)  
(1 row)  
```  
  
удалим индекс и проверим с explain analyze  
demo=# `drop index flights_flight_no_departure_airport_idx;`  
  
demo=# `explain analyze select flight_no, departure_airport from flights;`  
```  
                                                   QUERY PLAN  
----------------------------------------------------------------------------------------------------------------  
 Seq Scan on flights  (cost=0.00..4772.67 rows=214867 width=11) (actual time=0.006..17.558 rows=214867 loops=1)  
 Planning Time: 0.084 ms  
 Execution Time: 21.705 ms  
(3 rows)  
```  
demo=# `create index on flights(flight_no,departure_airport);`  
  
  
  
demo=# `explain analyze select flight_no, departure_airport from flights;`  
```  
                                                                             QUERY PLAN  
--------------------------------------------------------------------------------------------------------------------------------------------------------------------  
 Index Only Scan using flights_flight_no_departure_airport_idx on flights  (cost=0.42..3433.53 rows=214867 width=11) (actual time=0.017..9.577 rows=214867 loops=1)  
   Heap Fetches: 0  
 Planning Time: 0.125 ms  
 Execution Time: 13.513 ms  
(4 rows)  
```  
Видим, что с индеквсом времы выполнения составило 13.513 ms против 21.705 ms без индекса  
  
  
  
  
  
  
  
  
### полнотекстовый поиск  
  
postgres=# `create table ts(doc text, doc_tsv tsvector);`  
  
```  
postgres=# insert into ts(doc) values  
  
  ('Во поле береза стояла'),  ('Во поле кудрявая стояла'),  
  
  ('Люли, люли, стояла'),     ('Люли, люли, стояла'),  
  
  ('Некому березу заломати'), ('Некому кудряву заломати'),  
  
  ('Люли, люли, заломати'),   ('Люли, люли, заломати'),  
  
  ('Я пойду погуляю'),        ('Белую березу заломаю'),  
  
  ('Люли, люли, заломаю'),    ('Люли, люли, заломаю');  
INSERT 0 12  
```  
  
postgres=# `set default_text_search_config = russian;`  
  
postgres=# `update ts set doc_tsv = to_tsvector(doc);`  
  
postgres=# `create index on ts using gin(doc_tsv);`  
  
  
postgres=# `SET enable_seqscan = OFF;`  
  
postgres=# `explain select doc from ts where doc_tsv @@ to_tsquery('стояла & кудрявая');`  
```  
                                 QUERY PLAN  
-----------------------------------------------------------------------------  
 Bitmap Heap Scan on ts  (cost=4.47..5.83 rows=1 width=32)  
   Recheck Cond: (doc_tsv @@ to_tsquery('стояла & кудрявая'::text))  
   ->  Bitmap Index Scan on ts_doc_tsv_idx  (cost=0.00..4.47 rows=1 width=0)  
         Index Cond: (doc_tsv @@ to_tsquery('стояла & кудрявая'::text))  
(4 rows)  
  
```  
  
  
  
### Реализовать индекс на часть таблицы или индекс на поле с функцией  
Представим, что индекс нужен для того, чтобы выбирать бронирования за определенную дату  
  
demo=# `explain select book_date, total_amount from bookings where book_date between '2017-01-01' and '2017-01-31';`  
```  
                                                                        QUERY PLAN  
-----------------------------------------------------------------------------------------------------------------------------------------------------------  
 Gather  (cost=1000.00..41572.15 rows=168691 width=14)  
   Workers Planned: 3  
   ->  Parallel Seq Scan on bookings  (cost=0.00..23703.05 rows=54416 width=14)  
         Filter: ((book_date >= '2017-01-01 00:00:00+00'::timestamp with time zone) AND (book_date <= '2017-01-31 00:00:00+00'::timestamp with time zone))  
(4 rows)  
```  
  
  
demo=# `create index bookings_book_date_2017_01_01_2017_01_31_total_amount_idx on bookings (book_date, total_amount) where book_date between '2017-01-01' and '2017-01-31';`  
  
demo=# `explain select book_date, total_amount from bookings where book_date between '2017-01-01' and '2017-01-31';`  
```  
                                                               QUERY PLAN  
----------------------------------------------------------------------------------------------------------------------------------------  
 Index Only Scan using bookings_book_date_2017_01_01_2017_01_31_total_amount_idx on bookings  (cost=0.42..3266.31 rows=168691 width=14)  
(1 row)  
```  
  
### Создать индекс на несколько полей  
это уже сделано в предыдущих примерах  
  
  
  
  
  
  
  
  
  
  
  
  
  
  
  
  