### Секционирование по хэшу таблицы boarding_passes

оригинальная таблица выгляди так:  
```
-- bookings.boarding_passes definition

-- Drop table

-- DROP TABLE bookings.boarding_passes;

CREATE TABLE bookings.boarding_passes (
	ticket_no bpchar(13) NOT NULL,
	flight_id int4 NOT NULL,
	boarding_no int4 NOT NULL,
	seat_no varchar(4) NOT NULL,
	CONSTRAINT boarding_passes_flight_id_boarding_no_key UNIQUE (flight_id, boarding_no),
	CONSTRAINT boarding_passes_flight_id_seat_no_key UNIQUE (flight_id, seat_no),
	CONSTRAINT boarding_passes_pkey PRIMARY KEY (ticket_no, flight_id)
);


-- bookings.boarding_passes foreign keys

ALTER TABLE bookings.boarding_passes ADD CONSTRAINT boarding_passes_ticket_no_fkey FOREIGN KEY (ticket_no,flight_id) REFERENCES bookings.ticket_flights(ticket_no,flight_id);

```





`create schema if not exists by_hash;`

создаем новую таблицу  
```
CREATE TABLE by_hash.boarding_passes_part (
	ticket_no bpchar(13) NOT NULL,
	flight_id int4 NOT NULL,
	boarding_no int4 NOT NULL,
	seat_no varchar(4) NOT NULL,
	-- Include `ticket_no` in the unique constraints
	CONSTRAINT boarding_passes_part_flight_id_ticket_no_boarding_no_key UNIQUE (ticket_no, flight_id, boarding_no),
	CONSTRAINT boarding_passes_part_flight_id_ticket_no_seat_no_key UNIQUE (ticket_no, flight_id, seat_no)
) PARTITION BY HASH (ticket_no);

```

создаем партиции  
`CREATE TABLE by_hash.boarding_passes_part_0 PARTITION OF by_hash.boarding_passes_part
FOR VALUES WITH (MODULUS 4, REMAINDER 0);`

`CREATE TABLE by_hash.boarding_passes_part_1 PARTITION OF by_hash.boarding_passes_part
FOR VALUES WITH (MODULUS 4, REMAINDER 1);`

`CREATE TABLE by_hash.boarding_passes_part_2 PARTITION OF by_hash.boarding_passes_part
FOR VALUES WITH (MODULUS 4, REMAINDER 2);`

`CREATE TABLE by_hash.boarding_passes_part_3 PARTITION OF by_hash.boarding_passes_part
FOR VALUES WITH (MODULUS 4, REMAINDER 3);`


-- перенос данных  
`INSERT INTO by_hash.boarding_passes_part SELECT * FROM bookings.boarding_passes;`


-- вернул констраинт из оригинальной таблицы  
`ALTER TABLE by_hash.boarding_passes_part ADD CONSTRAINT boarding_passes_ticket_no_fkey FOREIGN KEY (ticket_no,flight_id) REFERENCES bookings.ticket_flights(ticket_no,flight_id);`


-- проверки  
explain analyze select count(*) from  by_hash.boarding_passes_part
видим, что просканированы все партиции

```
Finalize Aggregate  (cost=104022.80..104022.81 rows=1 width=8) (actual time=1317.743..1327.771 rows=1 loops=1)
  ->  Gather  (cost=104022.48..104022.79 rows=3 width=8) (actual time=1317.681..1327.753 rows=3 loops=1)
        Workers Planned: 3
        Workers Launched: 2
        ->  Partial Aggregate  (cost=103022.48..103022.49 rows=1 width=8) (actual time=1273.710..1273.712 rows=1 loops=3)
              ->  Parallel Append  (cost=0.00..96630.70 rows=2556713 width=0) (actual time=9.767..1155.088 rows=2641937 loops=3)
                    ->  Parallel Seq Scan on boarding_passes_part_3 boarding_passes_part_4  (cost=0.00..20978.92 rows=639692 width=0) (actual time=9.336..702.919 rows=1983046 loops=1)
                    ->  Parallel Seq Scan on boarding_passes_part_2 boarding_passes_part_3  (cost=0.00..20976.21 rows=639621 width=0) (actual time=17.265..807.756 rows=1982825 loops=1)
                    ->  Parallel Seq Scan on boarding_passes_part_0 boarding_passes_part_1  (cost=0.00..20953.29 rows=638929 width=0) (actual time=0.076..335.160 rows=660227 loops=3)
                    ->  Parallel Seq Scan on boarding_passes_part_1 boarding_passes_part_2  (cost=0.00..20938.71 rows=638471 width=0) (actual time=2.697..451.344 rows=1979260 loops=1)
Planning Time: 0.452 ms
JIT:
  Functions: 20
  Options: Inlining false, Optimization false, Expressions true, Deforming true
  Timing: Generation 3.243 ms, Inlining 0.000 ms, Optimization 0.424 ms, Emission 28.916 ms, Total 32.583 ms
Execution Time: 1328.077 ms
```



поиск по ticket_no  

`explain analyze select ticket_no, flight_id from  by_hash.boarding_passes_part
where ticket_no = '0005433201485'`


```
Index Only Scan using boarding_passes_part_0_ticket_no_flight_id_seat_no_key on boarding_passes_part_0 boarding_passes_part  (cost=0.43..1.58 rows=3 width=18) (actual time=0.128..0.129 rows=4 loops=1)
  Index Cond: (ticket_no = '0005433201485'::bpchar)
  Heap Fetches: 0
Planning Time: 0.116 ms
Execution Time: 0.142 ms
```


### bookings.bookings BY RANGE
оригинальная таблица  

```
-- bookings.bookings definition

-- Drop table

-- DROP TABLE bookings.bookings;

CREATE TABLE bookings.bookings (
	book_ref bpchar(6) NOT NULL,
	book_date timestamptz NOT NULL,
	total_amount numeric(10, 2) NOT NULL,
	CONSTRAINT bookings_pkey PRIMARY KEY (book_ref)
);
CREATE INDEX bookings_book_date_2017_01_01_2017_01_31_total_amount_idx ON bookings.bookings USING btree (book_date, total_amount) WHERE ((book_date >= '2017-01-01 03:00:00+03'::timestamp with time zone) AND (book_date <= '2017-01-31 03:00:00+03'::timestamp with time zone));
```


В нашем случае  
-- мин  book_date: 2016-07-20 21:16:00.000 +0300  
-- макс book_date: 2017-08-15 18:00:00.000 +0300  

`create schema if not exists by_range;`


`CREATE TABLE by_range.bookings_part (
    book_ref bpchar(6) NOT NULL,
    book_date timestamptz NOT NULL,
    total_amount numeric(10, 2) NOT NULL
) PARTITION BY RANGE (book_date);`


Можно было бы сделат разбивку по месяцам, но для упрощения сделаем по годам  

-- 2016 
`CREATE TABLE by_range.bookings_part_2016 PARTITION OF by_range.bookings_part
FOR VALUES FROM ('2016-01-01 00:00:00+03') TO ('2017-01-01 00:00:00+03');`

-- 2017
`CREATE TABLE by_range.bookings_part_2017 PARTITION OF by_range.bookings_part
FOR VALUES FROM ('2017-01-01 00:00:00+03') TO ('2018-01-01 00:00:00+03');`




перенос данных  
`INSERT INTO by_range.bookings_part SELECT * FROM bookings.bookings;`  

возвращаем индекс и констраинт
`CREATE INDEX by_range_bookings_book_date_idx ON by_range.bookings_part USING btree (book_date, total_amount);`  






`explain analyze select book_ref, book_date from by_range.bookings_part`  
```
Append  (cost=0.00..45114.65 rows=2111110 width=15) (actual time=0.052..231.821 rows=2111110 loops=1)
  ->  Seq Scan on bookings_part_2016 bookings_part_1  (cost=0.00..13951.36 rows=852236 width=15) (actual time=0.050..60.232 rows=852236 loops=1)
  ->  Seq Scan on bookings_part_2017 bookings_part_2  (cost=0.00..20607.74 rows=1258874 width=15) (actual time=0.011..88.270 rows=1258874 loops=1)
Planning Time: 4.721 ms
Execution Time: 271.878 ms
```

`explain analyze select book_ref, book_date from by_range.bookings_part
where book_date = '2017-07-05 03:12:00.000 +0300'`  

```
Index Scan using bookings_part_2017_book_date_total_amount_idx on bookings_part_2017 bookings_part  (cost=0.43..7.11 rows=5 width=15) (actual time=0.093..0.113 rows=6 loops=1)
  Index Cond: (book_date = '2017-07-05 03:12:00+03'::timestamp with time zone)
Planning Time: 0.104 ms
Execution Time: 0.124 ms
```